(0000) 3000  0011000000000000 (   9)                 .ORIG x3000
(3000) 5020  0101000000100000 (  12) START           AND   R0 R0 #0
(3001) 5220  0101001000100000 (  13)                 AND   R1 R0 #0
(3002) 5420  0101010000100000 (  14)                 AND   R2 R0 #0
(3003) 5620  0101011000100000 (  15)                 AND   R3 R0 #0
(3004) 5820  0101100000100000 (  16)                 AND   R4 R0 #0
(3005) 5A20  0101101000100000 (  17)                 AND   R5 R0 #0
(3006) 5C20  0101110000100000 (  18)                 AND   R6 R0 #0
(3007) 5E20  0101111000100000 (  19)                 AND   R7 R0 #0
(3008) E044  1110000001000100 (  22)                 LEA   R0 GREETING1
(3009) F022  1111000000100010 (  23)                 TRAP  x22
(300A) F020  1111000000100000 (  26) GETCHAR         TRAP  x20
(300B) F021  1111000000100001 (  27)                 TRAP  x21
(300C) 2C2E  0010110000101110 (  29)                 LD    R6 X
(300D) 1D80  0001110110000000 (  30)                 ADD   R6 R6 R0
(300E) 0424  0000010000100100 (  31)                 BRZ   END
(300F) 1636  0001011000110110 (  34)                 ADD   R3 R0 #-10
(3010) 040F  0000010000001111 (  35)                 BRZ   NEWLINE
(3011) 2824  0010100000100100 (  38)                 LD    R4 DASH
(3012) 1604  0001011000000100 (  39)                 ADD   R3 R0 R4
(3013) 040A  0000010000001010 (  40)                 BRZ   SetF
(3014) 2822  0010100000100010 (  43)                 LD    R4 ASCII0
(3015) 1604  0001011000000100 (  44)                 ADD   R3 R0 R4
(3016) 5920  0101100100100000 (  47)                 AND   R4 R4 #0
(3017) 192A  0001100100101010 (  48)                 ADD   R4 R4 #10
(3018) 5B60  0101101101100000 (  49)                 AND   R5 R5 #0
(3019) 1B41  0001101101000001 (  52) MULT            ADD   R5 R5 R1
(301A) 193F  0001100100111111 (  53)                 ADD   R4 R4 #-1
(301B) 03FD  0000001111111101 (  54)                 BRP   MULT
(301C) 1343  0001001101000011 (  55)                 ADD   R1 R5 R3
(301D) 0FEC  0000111111101100 (  56)                 BRNZP GETCHAR
(301E) 14A1  0001010010100001 (  59) SetF            ADD   R2 R2 #1
(301F) 0FEA  0000111111101010 (  60)                 BRNZP GETCHAR
(3020) 54A1  0101010010100001 (  64) NEWLINE         AND   R2 R2 #1
(3021) 0C02  0000110000000010 (  65)                 BRNZ  MASKER
(3022) 927F  1001001001111111 (  68) TWOSC           NOT   R1 R1
(3023) 1261  0001001001100001 (  69)                 ADD   R1 R1 #1
(3024) E071  1110000001110001 (  71) MASKER          LEA   R0 GREETING2
(3025) F022  1111000000100010 (  72)                 TRAP  x22
(3026) E616  1110011000010110 (  73)                 LEA   R3 MASK
(3027) 5920  0101100100100000 (  74)                 AND   R4 R4 #0
(3028) 192F  0001100100101111 (  75)                 ADD   R4 R4 #15
(3029) 64C0  0110010011000000 (  76) LOOP            LDR   R2 R3 #0
(302A) 200D  0010000000001101 (  77)                 LD    R0 ASCIIzero
(302B) 16E1  0001011011100001 (  78)                 ADD   R3 R3 #1
(302C) 5A42  0101101001000010 (  79)                 AND   R5 R1 R2
(302D) 0401  0000010000000001 (  80)                 BRZ   ZERO
(302E) 1021  0001000000100001 (  82)                 ADD   R0 R0 #1
(302F) F021  1111000000100001 (  83) ZERO            TRAP  x21
(3030) 193F  0001100100111111 (  84)                 ADD   R4 R4 #-1
(3031) 07F7  0000011111110111 (  85)                 BRZP  LOOP
(3032) 0FCD  0000111111001101 (  86)                 BRNZP START
(3033) E080  1110000010000000 (  89) END             LEA   R0 GREETING3
(3034) F022  1111000000100010 (  90)                 TRAP  x22
(3035) F025  1111000000100101 (  91)                 TRAP  x25
(3036) FFD3  1111111111010011 (  93) DASH            .FILL xFFD3
(3037) FFD0  1111111111010000 (  94) ASCII0          .FILL xFFD0
(3038) 0030  0000000000110000 (  95) ASCIIzero       .FILL x0030
(3039) 0000  0000000000000000 (  96) INT             .FILL x0000
(303A) 000A  0000000000001010 (  97) COUNTER         .FILL x000A
(303B) FFA8  1111111110101000 (  99) X               .FILL xFFA8
(303C) 0000  0000000000000000 ( 100) MASKptr         .FILL x0000
(303D) 8000  1000000000000000 ( 102) MASK            .FILL x8000
(303E) 4000  0100000000000000 ( 103)                 .FILL x4000
(303F) 2000  0010000000000000 ( 104)                 .FILL x2000
(3040) 1000  0001000000000000 ( 105)                 .FILL x1000
(3041) 0800  0000100000000000 ( 106)                 .FILL x0800
(3042) 0400  0000010000000000 ( 107)                 .FILL x0400
(3043) 0200  0000001000000000 ( 108)                 .FILL x0200
(3044) 0100  0000000100000000 ( 109)                 .FILL x0100
(3045) 0080  0000000010000000 ( 110)                 .FILL x0080
(3046) 0040  0000000001000000 ( 111)                 .FILL x0040
(3047) 0020  0000000000100000 ( 112)                 .FILL x0020
(3048) 0010  0000000000010000 ( 113)                 .FILL x0010
(3049) 0008  0000000000001000 ( 114)                 .FILL x0008
(304A) 0004  0000000000000100 ( 115)                 .FILL x0004
(304B) 0002  0000000000000010 ( 116)                 .FILL x0002
(304C) 0001  0000000000000001 ( 117)                 .FILL x0001
(304D) 000A  0000000000001010 ( 120) GREETING1       .FILL x000A
(304E) 0057  0000000001010111 ( 120)                 .FILL x0057
(304F) 0065  0000000001100101 ( 120)                 .FILL x0065
(3050) 006C  0000000001101100 ( 120)                 .FILL x006C
(3051) 0063  0000000001100011 ( 120)                 .FILL x0063
(3052) 006F  0000000001101111 ( 120)                 .FILL x006F
(3053) 006D  0000000001101101 ( 120)                 .FILL x006D
(3054) 0065  0000000001100101 ( 120)                 .FILL x0065
(3055) 0020  0000000000100000 ( 120)                 .FILL x0020
(3056) 0074  0000000001110100 ( 120)                 .FILL x0074
(3057) 006F  0000000001101111 ( 120)                 .FILL x006F
(3058) 0020  0000000000100000 ( 120)                 .FILL x0020
(3059) 0074  0000000001110100 ( 120)                 .FILL x0074
(305A) 0068  0000000001101000 ( 120)                 .FILL x0068
(305B) 0065  0000000001100101 ( 120)                 .FILL x0065
(305C) 0020  0000000000100000 ( 120)                 .FILL x0020
(305D) 0063  0000000001100011 ( 120)                 .FILL x0063
(305E) 006F  0000000001101111 ( 120)                 .FILL x006F
(305F) 006E  0000000001101110 ( 120)                 .FILL x006E
(3060) 0076  0000000001110110 ( 120)                 .FILL x0076
(3061) 0065  0000000001100101 ( 120)                 .FILL x0065
(3062) 0072  0000000001110010 ( 120)                 .FILL x0072
(3063) 0073  0000000001110011 ( 120)                 .FILL x0073
(3064) 0069  0000000001101001 ( 120)                 .FILL x0069
(3065) 006F  0000000001101111 ( 120)                 .FILL x006F
(3066) 006E  0000000001101110 ( 120)                 .FILL x006E
(3067) 0020  0000000000100000 ( 120)                 .FILL x0020
(3068) 0070  0000000001110000 ( 120)                 .FILL x0070
(3069) 0072  0000000001110010 ( 120)                 .FILL x0072
(306A) 006F  0000000001101111 ( 120)                 .FILL x006F
(306B) 0067  0000000001100111 ( 120)                 .FILL x0067
(306C) 0072  0000000001110010 ( 120)                 .FILL x0072
(306D) 0061  0000000001100001 ( 120)                 .FILL x0061
(306E) 006D  0000000001101101 ( 120)                 .FILL x006D
(306F) 000A  0000000000001010 ( 120)                 .FILL x000A
(3070) 0045  0000000001000101 ( 120)                 .FILL x0045
(3071) 006E  0000000001101110 ( 120)                 .FILL x006E
(3072) 0074  0000000001110100 ( 120)                 .FILL x0074
(3073) 0065  0000000001100101 ( 120)                 .FILL x0065
(3074) 0072  0000000001110010 ( 120)                 .FILL x0072
(3075) 0020  0000000000100000 ( 120)                 .FILL x0020
(3076) 0061  0000000001100001 ( 120)                 .FILL x0061
(3077) 0020  0000000000100000 ( 120)                 .FILL x0020
(3078) 0064  0000000001100100 ( 120)                 .FILL x0064
(3079) 0065  0000000001100101 ( 120)                 .FILL x0065
(307A) 0063  0000000001100011 ( 120)                 .FILL x0063
(307B) 0069  0000000001101001 ( 120)                 .FILL x0069
(307C) 006D  0000000001101101 ( 120)                 .FILL x006D
(307D) 0061  0000000001100001 ( 120)                 .FILL x0061
(307E) 006C  0000000001101100 ( 120)                 .FILL x006C
(307F) 0020  0000000000100000 ( 120)                 .FILL x0020
(3080) 006E  0000000001101110 ( 120)                 .FILL x006E
(3081) 0075  0000000001110101 ( 120)                 .FILL x0075
(3082) 006D  0000000001101101 ( 120)                 .FILL x006D
(3083) 0062  0000000001100010 ( 120)                 .FILL x0062
(3084) 0065  0000000001100101 ( 120)                 .FILL x0065
(3085) 0072  0000000001110010 ( 120)                 .FILL x0072
(3086) 0020  0000000000100000 ( 120)                 .FILL x0020
(3087) 006F  0000000001101111 ( 120)                 .FILL x006F
(3088) 0072  0000000001110010 ( 120)                 .FILL x0072
(3089) 0020  0000000000100000 ( 120)                 .FILL x0020
(308A) 0058  0000000001011000 ( 120)                 .FILL x0058
(308B) 0020  0000000000100000 ( 120)                 .FILL x0020
(308C) 0074  0000000001110100 ( 120)                 .FILL x0074
(308D) 006F  0000000001101111 ( 120)                 .FILL x006F
(308E) 0020  0000000000100000 ( 120)                 .FILL x0020
(308F) 0071  0000000001110001 ( 120)                 .FILL x0071
(3090) 0075  0000000001110101 ( 120)                 .FILL x0075
(3091) 0069  0000000001101001 ( 120)                 .FILL x0069
(3092) 0074  0000000001110100 ( 120)                 .FILL x0074
(3093) 003A  0000000000111010 ( 120)                 .FILL x003A
(3094) 000A  0000000000001010 ( 120)                 .FILL x000A
(3095) 0000  0000000000000000 ( 120)                 .FILL x0000
(3096) 0054  0000000001010100 ( 121) GREETING2       .FILL x0054
(3097) 0068  0000000001101000 ( 121)                 .FILL x0068
(3098) 0061  0000000001100001 ( 121)                 .FILL x0061
(3099) 006E  0000000001101110 ( 121)                 .FILL x006E
(309A) 006B  0000000001101011 ( 121)                 .FILL x006B
(309B) 0073  0000000001110011 ( 121)                 .FILL x0073
(309C) 002C  0000000000101100 ( 121)                 .FILL x002C
(309D) 0020  0000000000100000 ( 121)                 .FILL x0020
(309E) 0068  0000000001101000 ( 121)                 .FILL x0068
(309F) 0065  0000000001100101 ( 121)                 .FILL x0065
(30A0) 0072  0000000001110010 ( 121)                 .FILL x0072
(30A1) 0065  0000000001100101 ( 121)                 .FILL x0065
(30A2) 0020  0000000000100000 ( 121)                 .FILL x0020
(30A3) 0069  0000000001101001 ( 121)                 .FILL x0069
(30A4) 0074  0000000001110100 ( 121)                 .FILL x0074
(30A5) 0020  0000000000100000 ( 121)                 .FILL x0020
(30A6) 0069  0000000001101001 ( 121)                 .FILL x0069
(30A7) 0073  0000000001110011 ( 121)                 .FILL x0073
(30A8) 0020  0000000000100000 ( 121)                 .FILL x0020
(30A9) 0069  0000000001101001 ( 121)                 .FILL x0069
(30AA) 006E  0000000001101110 ( 121)                 .FILL x006E
(30AB) 0020  0000000000100000 ( 121)                 .FILL x0020
(30AC) 0062  0000000001100010 ( 121)                 .FILL x0062
(30AD) 0069  0000000001101001 ( 121)                 .FILL x0069
(30AE) 006E  0000000001101110 ( 121)                 .FILL x006E
(30AF) 0061  0000000001100001 ( 121)                 .FILL x0061
(30B0) 0072  0000000001110010 ( 121)                 .FILL x0072
(30B1) 0079  0000000001111001 ( 121)                 .FILL x0079
(30B2) 000A  0000000000001010 ( 121)                 .FILL x000A
(30B3) 0000  0000000000000000 ( 121)                 .FILL x0000
(30B4) 000A  0000000000001010 ( 122) GREETING3       .FILL x000A
(30B5) 0042  0000000001000010 ( 122)                 .FILL x0042
(30B6) 0079  0000000001111001 ( 122)                 .FILL x0079
(30B7) 0065  0000000001100101 ( 122)                 .FILL x0065
(30B8) 002E  0000000000101110 ( 122)                 .FILL x002E
(30B9) 0020  0000000000100000 ( 122)                 .FILL x0020
(30BA) 0048  0000000001001000 ( 122)                 .FILL x0048
(30BB) 0061  0000000001100001 ( 122)                 .FILL x0061
(30BC) 0076  0000000001110110 ( 122)                 .FILL x0076
(30BD) 0065  0000000001100101 ( 122)                 .FILL x0065
(30BE) 0020  0000000000100000 ( 122)                 .FILL x0020
(30BF) 0061  0000000001100001 ( 122)                 .FILL x0061
(30C0) 0020  0000000000100000 ( 122)                 .FILL x0020
(30C1) 0067  0000000001100111 ( 122)                 .FILL x0067
(30C2) 0072  0000000001110010 ( 122)                 .FILL x0072
(30C3) 0065  0000000001100101 ( 122)                 .FILL x0065
(30C4) 0061  0000000001100001 ( 122)                 .FILL x0061
(30C5) 0074  0000000001110100 ( 122)                 .FILL x0074
(30C6) 0020  0000000000100000 ( 122)                 .FILL x0020
(30C7) 0064  0000000001100100 ( 122)                 .FILL x0064
(30C8) 0061  0000000001100001 ( 122)                 .FILL x0061
(30C9) 0079  0000000001111001 ( 122)                 .FILL x0079
(30CA) 002E  0000000000101110 ( 122)                 .FILL x002E
(30CB) 000A  0000000000001010 ( 122)                 .FILL x000A
(30CC) 0000  0000000000000000 ( 122)                 .FILL x0000
