(0000) 3000  0011000000000000 (   6)                 .ORIG x3000
(3000) E006  1110000000000110 (   8) ONE             LEA   R0 HELLO
(3001) 1240  0001001001000000 (   9)                 ADD   R1 R1 R0
(3002) 1265  0001001001100101 (  10)                 ADD   R1 R1 #5
(3003) F025  1111000000100101 (  11) Count           TRAP  x25
(3004) 1240  0001001001000000 (  12)                 ADD   R1 R1 R0
(3005) 03FD  0000001111111101 (  13)                 BRP   Count
(3006) F025  1111000000100101 (  14)                 TRAP  x25
(3007) 0048  0000000001001000 (  18) HELLO           .FILL x0048
(3008) 0065  0000000001100101 (  18)                 .FILL x0065
(3009) 006C  0000000001101100 (  18)                 .FILL x006C
(300A) 006C  0000000001101100 (  18)                 .FILL x006C
(300B) 006F  0000000001101111 (  18)                 .FILL x006F
(300C) 002C  0000000000101100 (  18)                 .FILL x002C
(300D) 0020  0000000000100000 (  18)                 .FILL x0020
(300E) 0057  0000000001010111 (  18)                 .FILL x0057
(300F) 006F  0000000001101111 (  18)                 .FILL x006F
(3010) 0072  0000000001110010 (  18)                 .FILL x0072
(3011) 006C  0000000001101100 (  18)                 .FILL x006C
(3012) 0064  0000000001100100 (  18)                 .FILL x0064
(3013) 002C  0000000000101100 (  18)                 .FILL x002C
(3014) 0020  0000000000100000 (  18)                 .FILL x0020
(3015) 0074  0000000001110100 (  18)                 .FILL x0074
(3016) 0068  0000000001101000 (  18)                 .FILL x0068
(3017) 0069  0000000001101001 (  18)                 .FILL x0069
(3018) 0073  0000000001110011 (  18)                 .FILL x0073
(3019) 0020  0000000000100000 (  18)                 .FILL x0020
(301A) 0069  0000000001101001 (  18)                 .FILL x0069
(301B) 0073  0000000001110011 (  18)                 .FILL x0073
(301C) 0020  0000000000100000 (  18)                 .FILL x0020
(301D) 0053  0000000001010011 (  18)                 .FILL x0053
(301E) 0065  0000000001100101 (  18)                 .FILL x0065
(301F) 006F  0000000001101111 (  18)                 .FILL x006F
(3020) 006E  0000000001101110 (  18)                 .FILL x006E
(3021) 0067  0000000001100111 (  18)                 .FILL x0067
(3022) 0077  0000000001110111 (  18)                 .FILL x0077
(3023) 006F  0000000001101111 (  18)                 .FILL x006F
(3024) 006F  0000000001101111 (  18)                 .FILL x006F
(3025) 0020  0000000000100000 (  18)                 .FILL x0020
(3026) 0043  0000000001000011 (  18)                 .FILL x0043
(3027) 0068  0000000001101000 (  18)                 .FILL x0068
(3028) 006F  0000000001101111 (  18)                 .FILL x006F
(3029) 0069  0000000001101001 (  18)                 .FILL x0069
(302A) 0021  0000000000100001 (  18)                 .FILL x0021
(302B) 000A  0000000000001010 (  18)                 .FILL x000A
(302C) 0000  0000000000000000 (  18)                 .FILL x0000
(302D) 0005  0000000000000101 (  20) times           .FILL x0005
